c:\users\georg\onedrive\рабочий стол\cppdll\debug\vc143.pdb
c:\users\georg\onedrive\рабочий стол\cppdll\debug\vc143.idb
c:\users\georg\onedrive\рабочий стол\cppdll\debug\tokenizator.obj
c:\users\georg\onedrive\рабочий стол\cppdll\debug\token.obj
c:\users\georg\onedrive\рабочий стол\cppdll\debug\revpolnot.obj
c:\users\georg\onedrive\рабочий стол\cppdll\debug\myfunctions.obj
c:\users\georg\onedrive\рабочий стол\cppdll\debug\error.obj
c:\users\georg\onedrive\рабочий стол\cppdll\debug\diffvariable.obj
c:\users\georg\onedrive\рабочий стол\cppdll\debug\diffsinus.obj
c:\users\georg\onedrive\рабочий стол\cppdll\debug\diffpowerfunc.obj
c:\users\georg\onedrive\рабочий стол\cppdll\debug\diffparser.obj
c:\users\georg\onedrive\рабочий стол\cppdll\debug\differentiation.obj
c:\users\georg\onedrive\рабочий стол\cppdll\debug\diffcosinus.obj
c:\users\georg\onedrive\рабочий стол\cppdll\debug\diffconstant.obj
c:\users\georg\onedrive\рабочий стол\cppdll\debug\cppdll.ilk
c:\users\georg\onedrive\рабочий стол\cppdll\debug\cppdll.dll
c:\users\georg\onedrive\рабочий стол\cppdll\debug\cppdll.pdb
c:\users\georg\onedrive\рабочий стол\cppdll\debug\cppdll.lib
c:\users\georg\onedrive\рабочий стол\cppdll\debug\cppdll.exp
c:\users\georg\onedrive\рабочий стол\cppdll\debug\cppdll.tlog\cl.command.1.tlog
c:\users\georg\onedrive\рабочий стол\cppdll\debug\cppdll.tlog\cl.items.tlog
c:\users\georg\onedrive\рабочий стол\cppdll\debug\cppdll.tlog\cl.read.1.tlog
c:\users\georg\onedrive\рабочий стол\cppdll\debug\cppdll.tlog\cl.write.1.tlog
c:\users\georg\onedrive\рабочий стол\cppdll\debug\cppdll.tlog\link.command.1.tlog
c:\users\georg\onedrive\рабочий стол\cppdll\debug\cppdll.tlog\link.read.1.tlog
c:\users\georg\onedrive\рабочий стол\cppdll\debug\cppdll.tlog\link.write.1.tlog
c:\users\georg\onedrive\рабочий стол\cppdll\debug\cppdll.tlog\link.write.2u.tlog
